2014-09-18 10:29:18 Server start ...
2014-09-18 10:29:24 2014-09-18 10:29:24 Msg: Detected parking at pos 8.
2014-09-18 10:29:25 2014-09-18 10:29:25 Msg:Detected leaving at pos 8.
2014-09-18 10:29:31 2014-09-18 10:29:31 Msg: Detected parking at pos 8.
2014-09-18 10:29:35 2014-09-18 10:29:35 Msg:Detected leaving at pos 8.
2014-09-18 10:30:54 Server start ...
2014-09-18 10:30:56 2014-09-18 10:30:56 Msg: Detected parking at pos 8.
2014-09-18 10:31:00 2014-09-18 10:31:00 Msg: Detected leaving at pos 8.
2014-09-18 10:31:16 Server start ...
2014-09-18 10:41:07 New coming at A1,id is 1,owner is abel
2014-09-18 10:45:35 Server start ...
2014-09-18 10:45:44 New coming at I1,id is 1,owner is abel
2014-09-18 10:45:44 Msg: cann't park. a previous parking records has found.
2014-09-18 10:46:48 2014-09-18 10:46:48 Msg: Detected parking at pos 8.
2014-09-18 10:46:50 2014-09-18 10:46:50 Msg: Detected leaving at pos 8.
2014-09-18 10:46:51 2014-09-18 10:46:51 Msg: Detected parking at pos 8.
2014-09-18 10:46:53 2014-09-18 10:46:53 Msg: Detected leaving at pos 8.
2014-09-18 10:46:54 2014-09-18 10:46:54 Msg: Detected parking at pos 8.
2014-09-18 10:47:07 2014-09-18 10:47:07 Msg: Detected leaving at pos 8.
2014-09-18 10:47:11 2014-09-18 10:47:11 Msg: Detected parking at pos 8.
2014-09-18 10:47:15 2014-09-18 10:47:15 Msg: Detected leaving at pos 8.
2014-09-18 10:47:39 2014-09-18 10:47:39 Msg: Detected parking at pos 8.
2014-09-18 10:47:40 2014-09-18 10:47:40 Msg: Detected leaving at pos 8.
2014-09-18 10:47:44 New coming at I1,id is 2,owner is lixia
2014-09-18 10:47:44 Msg: cann't park. a previous parking records has found.
2014-09-18 10:47:51 2014-09-18 10:47:51 Msg: Detected parking at pos 8.
2014-09-18 10:47:52 2014-09-18 10:47:52 Msg: Detected leaving at pos 8.
2014-09-18 10:47:59 2014-09-18 10:47:59 Msg: Detected parking at pos 8.
2014-09-18 10:48:00 2014-09-18 10:48:00 Msg: Detected leaving at pos 8.
2014-09-18 10:48:55 2014-09-18 10:48:55 Msg: Detected parking at pos 8.
2014-09-18 10:48:56 2014-09-18 10:48:56 Msg: Detected leaving at pos 8.
2014-09-18 10:51:25 2014-09-18 10:51:25 Msg: Detected parking at pos 8.
2014-09-18 10:51:26 2014-09-18 10:51:26 Msg: Detected leaving at pos 8.
2014-09-18 10:53:09 2014-09-18 10:53:09 Msg: Detected parking at pos 8.
2014-09-18 10:53:11 2014-09-18 10:53:11 Msg: Detected leaving at pos 8.
2014-09-18 10:55:20 2014-09-18 10:55:20 Msg: Detected parking at pos 8.
2014-09-18 10:55:23 2014-09-18 10:55:23 Msg: Detected leaving at pos 8.
2014-09-18 10:55:27 2014-09-18 10:55:27 Msg: Detected parking at pos 8.
2014-09-18 10:55:28 2014-09-18 10:55:28 Msg: Detected leaving at pos 8.
2014-09-18 10:55:33 2014-09-18 10:55:33 Msg: Detected parking at pos 8.
2014-09-18 10:55:34 2014-09-18 10:55:34 Msg: Detected leaving at pos 8.
2014-09-18 10:55:38 2014-09-18 10:55:38 Msg: Detected parking at pos 8.
2014-09-18 10:55:41 2014-09-18 10:55:41 Msg: Detected leaving at pos 8.
2014-09-18 10:55:42 2014-09-18 10:55:42 Msg: Detected parking at pos 8.
2014-09-18 10:55:47 2014-09-18 10:55:47 Msg: Detected leaving at pos 8.
2014-09-18 10:55:48 2014-09-18 10:55:48 Msg: Detected parking at pos 8.
2014-09-18 10:55:49 2014-09-18 10:55:49 Msg: Detected leaving at pos 8.
2014-09-18 10:55:50 2014-09-18 10:55:50 Msg: Detected parking at pos 8.
2014-09-18 10:55:51 2014-09-18 10:55:51 Msg: Detected leaving at pos 8.
2014-09-18 10:55:52 2014-09-18 10:55:52 Msg: Detected parking at pos 8.
2014-09-18 10:56:01 2014-09-18 10:56:01 Msg: Detected leaving at pos 8.
2014-09-18 10:56:11 2014-09-18 10:56:11 Msg: Detected parking at pos 8.
2014-09-18 10:56:13 2014-09-18 10:56:13 Msg: Detected leaving at pos 8.
2014-09-18 10:56:14 2014-09-18 10:56:14 Msg: Detected parking at pos 8.
2014-09-18 10:56:17 2014-09-18 10:56:17 Msg: Detected leaving at pos 8.
2014-09-18 10:56:29 2014-09-18 10:56:29 Msg: Detected parking at pos 8.
2014-09-18 10:56:30 2014-09-18 10:56:30 Msg: Detected leaving at pos 8.
2014-09-18 10:56:33 2014-09-18 10:56:33 Msg: Detected parking at pos 8.
2014-09-18 10:56:34 2014-09-18 10:56:34 Msg: Detected leaving at pos 8.
2014-09-18 10:56:38 2014-09-18 10:56:38 Msg: Detected parking at pos 8.
2014-09-18 10:56:42 2014-09-18 10:56:42 Msg: Detected leaving at pos 8.
2014-09-18 10:56:43 2014-09-18 10:56:43 Msg: Detected parking at pos 8.
2014-09-18 10:56:44 2014-09-18 10:56:44 Msg: Detected leaving at pos 8.
2014-09-18 10:57:05 2014-09-18 10:57:05 Msg: Detected parking at pos 8.
2014-09-18 10:57:14 2014-09-18 10:57:14 Msg: Detected leaving at pos 8.
2014-09-18 10:57:16 2014-09-18 10:57:16 Msg: Detected parking at pos 8.
2014-09-18 10:57:19 2014-09-18 10:57:19 Msg: Detected leaving at pos 8.
2014-09-18 10:57:20 2014-09-18 10:57:20 Msg: Detected parking at pos 8.
2014-09-18 10:57:21 2014-09-18 10:57:21 Msg: Detected leaving at pos 8.
2014-09-18 10:57:25 2014-09-18 10:57:25 Msg: Detected parking at pos 8.
2014-09-18 10:57:26 2014-09-18 10:57:26 Msg: Detected leaving at pos 8.
2014-09-18 10:57:32 2014-09-18 10:57:32 Msg: Detected parking at pos 8.
2014-09-18 10:57:34 2014-09-18 10:57:34 Msg: Detected leaving at pos 8.
2014-09-18 10:57:35 2014-09-18 10:57:35 Msg: Detected parking at pos 8.
2014-09-18 10:57:36 2014-09-18 10:57:36 Msg: Detected leaving at pos 8.
2014-09-18 10:57:37 2014-09-18 10:57:37 Msg: Detected parking at pos 8.
2014-09-18 10:57:38 2014-09-18 10:57:38 Msg: Detected leaving at pos 8.
2014-09-18 10:57:39 2014-09-18 10:57:39 Msg: Detected parking at pos 8.
2014-09-18 10:57:41 2014-09-18 10:57:41 Msg: Detected leaving at pos 8.
2014-09-18 10:57:42 2014-09-18 10:57:42 Msg: Detected parking at pos 8.
2014-09-18 10:57:43 2014-09-18 10:57:43 Msg: Detected leaving at pos 8.
2014-09-18 10:57:44 2014-09-18 10:57:44 Msg: Detected parking at pos 8.
2014-09-18 10:57:46 2014-09-18 10:57:46 Msg: Detected leaving at pos 8.
2014-09-18 11:00:10 2014-09-18 11:00:10 Msg: Detected parking at pos 8.
2014-09-18 11:00:12 2014-09-18 11:00:12 Msg: Detected leaving at pos 8.
2014-09-18 11:00:13 2014-09-18 11:00:13 Msg: Detected parking at pos 8.
2014-09-18 11:00:14 2014-09-18 11:00:14 Msg: Detected leaving at pos 8.
2014-09-18 11:00:19 2014-09-18 11:00:19 Msg: Detected parking at pos 8.
2014-09-18 11:00:20 2014-09-18 11:00:20 Msg: Detected leaving at pos 8.
2014-09-18 11:00:36 New coming at I1,id is 6,owner is lixia
2014-09-18 11:19:02 2014-09-18 11:19:02 Msg: Detected parking at pos 8.
2014-09-18 11:19:03 2014-09-18 11:19:03 Msg: Detected leaving at pos 8.
2014-09-18 11:24:15 2014-09-18 11:24:15 Msg: Detected parking at pos 8.
2014-09-18 11:24:17 2014-09-18 11:24:17 Msg: Detected leaving at pos 8.
2014-09-18 11:24:18 2014-09-18 11:24:18 Msg: Detected parking at pos 8.
2014-09-18 11:24:21 2014-09-18 11:24:21 Msg: Detected leaving at pos 8.
2014-09-18 11:24:27 2014-09-18 11:24:27 Msg: Detected parking at pos 8.
2014-09-18 11:24:29 2014-09-18 11:24:29 Msg: Detected leaving at pos 8.
2014-09-18 11:24:30 2014-09-18 11:24:30 Msg: Detected parking at pos 8.
2014-09-18 11:24:31 2014-09-18 11:24:31 Msg: Detected leaving at pos 8.
2014-09-18 11:24:32 2014-09-18 11:24:32 Msg: Detected parking at pos 8.
2014-09-18 11:24:33 2014-09-18 11:24:33 Msg: Detected leaving at pos 8.
2014-09-18 11:24:41 2014-09-18 11:24:41 Msg: Detected parking at pos 8.
2014-09-18 11:24:42 2014-09-18 11:24:42 Msg: Detected leaving at pos 8.
2014-09-18 11:24:44 2014-09-18 11:24:44 Msg: Detected parking at pos 8.
2014-09-18 11:24:45 2014-09-18 11:24:45 Msg: Detected leaving at pos 8.
2014-09-18 11:24:48 2014-09-18 11:24:48 Msg: Detected parking at pos 8.
2014-09-18 11:24:49 2014-09-18 11:24:49 Msg: Detected leaving at pos 8.
2014-09-18 11:25:06 2014-09-18 11:25:06 Msg: Detected parking at pos 8.
2014-09-18 11:25:07 2014-09-18 11:25:07 Msg: Detected leaving at pos 8.
2014-09-18 11:25:15 2014-09-18 11:25:15 Msg: Detected parking at pos 8.
2014-09-18 11:25:16 2014-09-18 11:25:16 Msg: Detected leaving at pos 8.
2014-09-18 11:25:29 2014-09-18 11:25:29 Msg: Detected parking at pos 8.
2014-09-18 11:25:30 2014-09-18 11:25:30 Msg: Detected leaving at pos 8.
2014-09-18 11:25:50 2014-09-18 11:25:50 Msg: Detected parking at pos 8.
2014-09-18 11:25:51 2014-09-18 11:25:51 Msg: Detected leaving at pos 8.
2014-09-18 11:25:53 2014-09-18 11:25:53 Msg: Detected parking at pos 8.
2014-09-18 11:25:55 2014-09-18 11:25:55 Msg: Detected leaving at pos 8.
2014-09-18 11:25:56 2014-09-18 11:25:56 Msg: Detected parking at pos 8.
2014-09-18 11:25:57 2014-09-18 11:25:57 Msg: Detected leaving at pos 8.
2014-09-18 11:26:02 2014-09-18 11:26:02 Msg: Detected parking at pos 8.
2014-09-18 11:26:03 2014-09-18 11:26:03 Msg: Detected leaving at pos 8.
2014-09-18 11:26:10 New coming at I1,id is 7,owner is lixia
2014-09-18 11:26:10 2014-09-18 11:26:10 Msg: Detected parking at pos 8.
2014-09-18 11:26:13 2014-09-18 11:26:13 Msg: Detected leaving at pos 8.
2014-09-18 11:26:14 2014-09-18 11:26:14 Msg: Detected parking at pos 8.
2014-09-18 11:26:15 2014-09-18 11:26:15 Msg: Detected leaving at pos 8.
2014-09-18 11:26:30 2014-09-18 11:26:30 Msg: Detected parking at pos 8.
2014-09-18 11:26:31 2014-09-18 11:26:31 Msg: Detected leaving at pos 8.
2014-09-18 11:26:33 2014-09-18 11:26:33 Msg: Detected parking at pos 8.
2014-09-18 11:26:34 2014-09-18 11:26:34 Msg: Detected leaving at pos 8.
2014-09-18 11:26:43 New coming at I1,id is 7,owner is lixia
2014-09-18 11:26:43 Msg: cann't park. a previous parking records has found.
2014-09-18 11:26:56 New coming at I1,id is 10,owner is lixia
2014-09-18 11:27:30 2014-09-18 11:27:30 Msg: Detected parking at pos 8.
2014-09-18 11:27:31 2014-09-18 11:27:31 Msg: Detected leaving at pos 8.
2014-09-18 11:27:37 2014-09-18 11:27:37 Msg: Detected parking at pos 8.
2014-09-18 11:27:48 2014-09-18 11:27:48 Msg: Detected leaving at pos 8.
2014-09-18 11:28:27 Leaving at O1,id is 10,owner is lixia
2014-09-18 11:28:27 Msg: Car leaving.
2014-09-18 11:28:31 2014-09-18 11:28:31 Msg: Detected parking at pos 8.
2014-09-18 11:28:32 2014-09-18 11:28:32 Msg: Detected leaving at pos 8.
2014-09-18 11:28:48 2014-09-18 11:28:48 Msg: Detected parking at pos 8.
2014-09-18 11:28:49 2014-09-18 11:28:49 Msg: Detected leaving at pos 8.
2014-09-18 11:29:02 2014-09-18 11:29:02 Msg: Detected parking at pos 8.
2014-09-18 11:29:03 2014-09-18 11:29:03 Msg: Detected leaving at pos 8.
2014-09-18 11:29:17 Leaving at O1,id is 10,owner is lixia
2014-09-18 11:29:17 Warning:No parking records
2014-09-18 11:29:32 Leaving at O2,id is 10,owner is lixia
2014-09-18 11:29:32 Warning:No parking records
