2014-06-11 09:33:42 Server start ...
2014-06-11 09:34:56 New coming at A2,id is 2,owner is root
2014-06-11 09:34:56 Msg: cann't park. a previous parking records has found.
2014-06-11 09:35:01 New coming at A2,id is 4,owner is root
2014-06-11 09:35:01 Msg: cann't park. a previous parking records has found.
2014-06-11 09:35:03 New coming at A2,id is 6,owner is root
2014-06-11 09:35:03 Msg: cann't park. a previous parking records has found.
2014-06-11 09:35:06 New coming at A2,id is 19,owner is root
2014-06-11 09:35:06 Msg: cann't park. a previous parking records has found.
2014-06-11 09:36:03 New coming at A2,id is 20,owner is root
2014-06-11 09:36:03 Msg: cann't park. a previous parking records has found.
2014-06-11 09:36:36 New coming at A2,id is 20,owner is root
2014-06-11 09:37:09 New coming at A1,id is 7,owner is root
2014-06-11 09:38:27 New coming at A1,id is 8,owner is root
2014-06-11 09:43:45 New coming at A1,id is 7,owner is root
2014-06-11 09:43:45 Msg: cann't park. a previous parking records has found.
2014-06-11 09:44:31 New coming at A1,id is 20,owner is root
2014-06-11 09:44:31 Msg: cann't park. a previous parking records has found.
2014-06-11 09:45:40 Leaving at E1,id is 20,owner is root

2014-06-11 09:49:37 Server start ...
2014-06-11 09:50:14 Leaving at E1,id is 8,owner is root

2014-06-11 09:50:14 Msg: Car leaving.
2014-06-11 09:52:47 Server start ...
2014-06-11 10:12:26 Server start ...
2014-06-11 10:27:49 Server start ...
2014-06-11 10:28:05 2014-06-11 10:28:05 Msg: Detected parking at pos 8.
2014-06-11 10:28:20 2014-06-11 10:28:20 Msg: Detected parking at pos 8.
2014-06-11 10:28:23 2014-06-11 10:28:23 Msg:Detected leaving at pos 8.
2014-06-11 10:29:06 2014-06-11 10:29:06 Msg: Detected parking at pos 8.
2014-06-11 10:29:10 2014-06-11 10:29:10 Msg:Detected leaving at pos 8.
2014-06-11 10:29:16 2014-06-11 10:29:16 Msg: Detected parking at pos 8.
2014-06-11 10:29:28 2014-06-11 10:29:28 Msg:Detected leaving at pos 8.
2014-06-11 10:29:42 2014-06-11 10:29:42 Msg: Detected parking at pos 8.
2014-06-11 10:29:43 2014-06-11 10:29:43 Msg:Detected leaving at pos 8.
2014-06-11 10:31:17 Server start ...
2014-06-11 10:31:41 2014-06-11 10:31:41 Msg: Detected parking at pos 8.
2014-06-11 10:31:47 2014-06-11 10:31:47 Msg:Detected leaving at pos 8.
2014-06-11 10:32:36 2014-06-11 10:32:36 Msg: Detected parking at pos 8.
2014-06-11 10:32:59 2014-06-11 10:32:59 Msg:Detected leaving at pos 8.
2014-06-11 10:35:48 2014-06-11 10:35:48 Msg: Detected parking at pos 8.
2014-06-11 10:36:19 2014-06-11 10:36:19 Msg:Detected leaving at pos 8.
2014-06-11 10:36:25 2014-06-11 10:36:25 Msg: Detected parking at pos 8.
2014-06-11 10:36:30 2014-06-11 10:36:30 Msg:Detected leaving at pos 8.
2014-06-11 10:36:39 2014-06-11 10:36:39 Msg: Detected parking at pos 8.
2014-06-11 10:36:40 2014-06-11 10:36:40 Msg:Detected leaving at pos 8.
2014-06-11 10:49:06 New coming at A1,id is 7,owner is root
2014-06-11 10:49:06 Msg: cann't park. a previous parking records has found.
2014-06-11 10:49:32 Leaving at E1,id is 7,owner is root
2014-06-11 10:49:32 Msg: Car leaving.
2014-06-11 11:44:29 Server start ...
2014-06-11 11:45:57 Server start ...
2014-06-11 11:46:03 Leaving at E1,id is 7,owner is root
2014-06-11 11:46:03 Msg: Car leaving.
2014-06-11 11:47:57 Leaving at E1,id is 7,owner is root
2014-06-11 11:47:57 Msg: Car leaving.
2014-06-11 11:48:58 Leaving at E1,id is 7,owner is root
2014-06-11 11:48:58 Warning:No parking records
2014-06-11 11:50:03 New coming at A2,id is 7,owner is root
2014-06-11 11:51:14 New coming at A2,id is 1,owner is root
2014-06-11 11:51:17 New coming at A2,id is 2,owner is root
2014-06-11 11:51:18 New coming at A2,id is 3,owner is root
2014-06-11 11:55:39 New coming at A1,id is 8,owner is root
2014-06-11 13:42:36 Server start ...
2014-06-11 13:46:00 2014-06-11 13:46:00 Msg: Detected parking at pos 8.
2014-06-11 13:46:02 2014-06-11 13:46:02 Msg:Detected leaving at pos 8.
2014-06-11 13:46:04 2014-06-11 13:46:04 Msg: Detected parking at pos 8.
2014-06-11 13:46:06 2014-06-11 13:46:06 Msg:Detected leaving at pos 8.
2014-06-11 13:46:30 2014-06-11 13:46:30 Msg: Detected parking at pos 8.
2014-06-11 13:46:31 2014-06-11 13:46:31 Msg:Detected leaving at pos 8.
2014-06-11 13:46:55 2014-06-11 13:46:55 Msg: Detected parking at pos 8.
2014-06-11 13:47:05 2014-06-11 13:47:05 Msg:Detected leaving at pos 8.
2014-06-11 13:49:08 2014-06-11 13:49:08 Msg: Detected parking at pos 8.
2014-06-11 13:49:09 2014-06-11 13:49:09 Msg:Detected leaving at pos 8.
2014-06-11 13:49:38 2014-06-11 13:49:38 Msg: Detected parking at pos 8.
2014-06-11 13:49:47 2014-06-11 13:49:47 Msg:Detected leaving at pos 8.
2014-06-11 13:49:52 2014-06-11 13:49:52 Msg: Detected parking at pos 8.
2014-06-11 13:49:58 2014-06-11 13:49:58 Msg:Detected leaving at pos 8.
2014-06-11 13:52:10 2014-06-11 13:52:10 Msg: Detected parking at pos 8.
2014-06-11 13:52:12 2014-06-11 13:52:12 Msg:Detected leaving at pos 8.
2014-06-11 13:52:17 2014-06-11 13:52:17 Msg: Detected parking at pos 8.
2014-06-11 13:52:21 2014-06-11 13:52:21 Msg:Detected leaving at pos 8.
2014-06-11 13:52:53 2014-06-11 13:52:53 Msg: Detected parking at pos 8.
2014-06-11 13:52:58 2014-06-11 13:52:58 Msg:Detected leaving at pos 8.
2014-06-11 13:53:11 2014-06-11 13:53:11 Msg: Detected parking at pos 8.
2014-06-11 13:53:14 2014-06-11 13:53:14 Msg:Detected leaving at pos 8.
2014-06-11 13:53:17 2014-06-11 13:53:17 Msg: Detected parking at pos 8.
2014-06-11 13:53:19 2014-06-11 13:53:19 Msg:Detected leaving at pos 8.
2014-06-11 13:53:57 2014-06-11 13:53:57 Msg: Detected parking at pos 8.
2014-06-11 13:54:04 2014-06-11 13:54:04 Msg:Detected leaving at pos 8.
2014-06-11 13:54:52 2014-06-11 13:54:52 Msg: Detected parking at pos 8.
2014-06-11 13:54:53 2014-06-11 13:54:53 Msg:Detected leaving at pos 8.
2014-06-11 13:55:40 2014-06-11 13:55:40 Msg: Detected parking at pos 8.
2014-06-11 13:55:41 2014-06-11 13:55:41 Msg:Detected leaving at pos 8.
2014-06-11 13:55:44 2014-06-11 13:55:44 Msg: Detected parking at pos 8.
2014-06-11 13:55:47 2014-06-11 13:55:47 Msg:Detected leaving at pos 8.
2014-06-11 13:55:48 2014-06-11 13:55:48 Msg: Detected parking at pos 8.
2014-06-11 13:55:49 2014-06-11 13:55:49 Msg:Detected leaving at pos 8.
2014-06-11 13:56:21 2014-06-11 13:56:21 Msg: Detected parking at pos 8.
2014-06-11 13:56:23 2014-06-11 13:56:23 Msg:Detected leaving at pos 8.
2014-06-11 13:56:27 2014-06-11 13:56:27 Msg: Detected parking at pos 8.
2014-06-11 13:56:40 2014-06-11 13:56:40 Msg:Detected leaving at pos 8.
2014-06-11 13:56:44 2014-06-11 13:56:44 Msg: Detected parking at pos 8.
2014-06-11 13:56:49 2014-06-11 13:56:49 Msg:Detected leaving at pos 8.
2014-06-11 13:56:56 2014-06-11 13:56:56 Msg: Detected parking at pos 8.
2014-06-11 13:56:57 2014-06-11 13:56:57 Msg:Detected leaving at pos 8.
2014-06-11 13:57:11 2014-06-11 13:57:11 Msg: Detected parking at pos 8.
2014-06-11 13:57:12 2014-06-11 13:57:12 Msg:Detected leaving at pos 8.
2014-06-11 13:57:40 2014-06-11 13:57:40 Msg: Detected parking at pos 8.
2014-06-11 13:57:42 2014-06-11 13:57:42 Msg:Detected leaving at pos 8.
2014-06-11 13:58:27 2014-06-11 13:58:27 Msg: Detected parking at pos 8.
2014-06-11 13:58:28 2014-06-11 13:58:28 Msg:Detected leaving at pos 8.
2014-06-11 13:58:33 2014-06-11 13:58:33 Msg: Detected parking at pos 8.
2014-06-11 13:58:34 2014-06-11 13:58:34 Msg:Detected leaving at pos 8.
2014-06-11 13:58:43 2014-06-11 13:58:43 Msg: Detected parking at pos 8.
2014-06-11 13:58:45 2014-06-11 13:58:45 Msg:Detected leaving at pos 8.
2014-06-11 13:58:49 2014-06-11 13:58:49 Msg: Detected parking at pos 8.
2014-06-11 13:58:51 2014-06-11 13:58:51 Msg:Detected leaving at pos 8.
2014-06-11 13:58:58 2014-06-11 13:58:58 Msg: Detected parking at pos 8.
2014-06-11 13:58:59 2014-06-11 13:58:59 Msg:Detected leaving at pos 8.
2014-06-11 13:59:15 2014-06-11 13:59:15 Msg: Detected parking at pos 8.
2014-06-11 13:59:16 2014-06-11 13:59:16 Msg:Detected leaving at pos 8.
2014-06-11 13:59:20 2014-06-11 13:59:20 Msg: Detected parking at pos 8.
2014-06-11 13:59:27 2014-06-11 13:59:27 Msg:Detected leaving at pos 8.
2014-06-11 13:59:29 2014-06-11 13:59:29 Msg: Detected parking at pos 8.
2014-06-11 13:59:30 2014-06-11 13:59:30 Msg:Detected leaving at pos 8.
2014-06-11 13:59:32 2014-06-11 13:59:32 Msg: Detected parking at pos 8.
2014-06-11 13:59:33 2014-06-11 13:59:33 Msg:Detected leaving at pos 8.
2014-06-11 13:59:34 2014-06-11 13:59:34 Msg: Detected parking at pos 8.
2014-06-11 13:59:37 2014-06-11 13:59:37 Msg:Detected leaving at pos 8.
2014-06-11 13:59:48 2014-06-11 13:59:48 Msg: Detected parking at pos 8.
2014-06-11 13:59:49 2014-06-11 13:59:49 Msg:Detected leaving at pos 8.
2014-06-11 13:59:51 2014-06-11 13:59:51 Msg: Detected parking at pos 8.
2014-06-11 13:59:55 2014-06-11 13:59:55 Msg:Detected leaving at pos 8.
2014-06-11 13:59:56 2014-06-11 13:59:56 Msg: Detected parking at pos 8.
2014-06-11 13:59:57 2014-06-11 13:59:57 Msg:Detected leaving at pos 8.
2014-06-11 13:59:59 2014-06-11 13:59:59 Msg: Detected parking at pos 8.
2014-06-11 14:00:00 2014-06-11 14:00:00 Msg:Detected leaving at pos 8.
2014-06-11 14:00:03 2014-06-11 14:00:03 Msg: Detected parking at pos 8.
2014-06-11 14:00:13 2014-06-11 14:00:13 Msg:Detected leaving at pos 8.
2014-06-11 14:00:14 2014-06-11 14:00:14 Msg: Detected parking at pos 8.
2014-06-11 14:00:19 2014-06-11 14:00:19 Msg:Detected leaving at pos 8.
2014-06-11 14:00:20 2014-06-11 14:00:20 Msg: Detected parking at pos 8.
2014-06-11 14:00:21 2014-06-11 14:00:21 Msg:Detected leaving at pos 8.
2014-06-11 14:00:22 2014-06-11 14:00:22 Msg: Detected parking at pos 8.
2014-06-11 14:00:23 2014-06-11 14:00:23 Msg:Detected leaving at pos 8.
2014-06-11 14:00:25 2014-06-11 14:00:25 Msg: Detected parking at pos 8.
2014-06-11 14:00:26 2014-06-11 14:00:26 Msg:Detected leaving at pos 8.
2014-06-11 14:00:29 2014-06-11 14:00:29 Msg: Detected parking at pos 8.
2014-06-11 14:00:32 2014-06-11 14:00:32 Msg:Detected leaving at pos 8.
2014-06-11 14:00:40 2014-06-11 14:00:40 Msg: Detected parking at pos 8.
2014-06-11 14:00:44 2014-06-11 14:00:44 Msg:Detected leaving at pos 8.
2014-06-11 14:00:46 2014-06-11 14:00:46 Msg: Detected parking at pos 8.
2014-06-11 14:00:48 2014-06-11 14:00:48 Msg:Detected leaving at pos 8.
2014-06-11 14:00:49 2014-06-11 14:00:49 Msg: Detected parking at pos 8.
2014-06-11 14:01:00 2014-06-11 14:01:00 Msg:Detected leaving at pos 8.
2014-06-11 14:01:01 2014-06-11 14:01:01 Msg: Detected parking at pos 8.
2014-06-11 14:01:02 2014-06-11 14:01:02 Msg:Detected leaving at pos 8.
2014-06-11 14:01:04 2014-06-11 14:01:04 Msg: Detected parking at pos 8.
2014-06-11 14:01:08 2014-06-11 14:01:08 Msg:Detected leaving at pos 8.
2014-06-11 14:01:10 2014-06-11 14:01:10 Msg: Detected parking at pos 8.
2014-06-11 14:01:11 2014-06-11 14:01:11 Msg:Detected leaving at pos 8.
2014-06-11 14:01:14 2014-06-11 14:01:14 Msg: Detected parking at pos 8.
2014-06-11 14:01:17 2014-06-11 14:01:17 Msg:Detected leaving at pos 8.
2014-06-11 14:01:24 2014-06-11 14:01:24 Msg: Detected parking at pos 8.
2014-06-11 14:01:27 2014-06-11 14:01:27 Msg:Detected leaving at pos 8.
2014-06-11 14:01:30 2014-06-11 14:01:30 Msg: Detected parking at pos 8.
2014-06-11 14:01:31 2014-06-11 14:01:31 Msg:Detected leaving at pos 8.
2014-06-11 14:01:37 2014-06-11 14:01:37 Msg: Detected parking at pos 8.
2014-06-11 14:01:39 2014-06-11 14:01:39 Msg:Detected leaving at pos 8.
2014-06-11 14:01:40 2014-06-11 14:01:40 Msg: Detected parking at pos 8.
2014-06-11 14:01:41 2014-06-11 14:01:41 Msg:Detected leaving at pos 8.
2014-06-11 14:01:44 2014-06-11 14:01:44 Msg: Detected parking at pos 8.
2014-06-11 14:01:45 2014-06-11 14:01:45 Msg:Detected leaving at pos 8.
2014-06-11 14:01:47 2014-06-11 14:01:47 Msg: Detected parking at pos 8.
2014-06-11 14:01:48 2014-06-11 14:01:48 Msg:Detected leaving at pos 8.
2014-06-11 14:01:50 2014-06-11 14:01:50 Msg: Detected parking at pos 8.
2014-06-11 14:01:51 2014-06-11 14:01:51 Msg:Detected leaving at pos 8.
2014-06-11 14:01:53 2014-06-11 14:01:53 Msg: Detected parking at pos 8.
2014-06-11 14:01:54 2014-06-11 14:01:54 Msg:Detected leaving at pos 8.
2014-06-11 14:01:55 2014-06-11 14:01:55 Msg: Detected parking at pos 8.
2014-06-11 14:02:03 2014-06-11 14:02:03 Msg:Detected leaving at pos 8.
2014-06-11 14:02:07 2014-06-11 14:02:07 Msg: Detected parking at pos 8.
2014-06-11 14:02:13 2014-06-11 14:02:13 Msg:Detected leaving at pos 8.
2014-06-11 14:02:18 2014-06-11 14:02:18 Msg: Detected parking at pos 8.
2014-06-11 14:02:19 2014-06-11 14:02:19 Msg:Detected leaving at pos 8.
2014-06-11 14:02:22 2014-06-11 14:02:22 Msg: Detected parking at pos 8.
2014-06-11 14:02:25 2014-06-11 14:02:25 Msg:Detected leaving at pos 8.
2014-06-11 14:02:29 2014-06-11 14:02:29 Msg: Detected parking at pos 8.
2014-06-11 14:02:30 2014-06-11 14:02:30 Msg:Detected leaving at pos 8.
2014-06-11 14:02:49 2014-06-11 14:02:49 Msg: Detected parking at pos 8.
2014-06-11 14:02:50 2014-06-11 14:02:50 Msg:Detected leaving at pos 8.
2014-06-11 14:03:28 2014-06-11 14:03:28 Msg: Detected parking at pos 8.
2014-06-11 14:03:29 2014-06-11 14:03:29 Msg:Detected leaving at pos 8.
2014-06-11 14:03:35 2014-06-11 14:03:35 Msg: Detected parking at pos 8.
2014-06-11 14:03:36 2014-06-11 14:03:36 Msg:Detected leaving at pos 8.
2014-06-11 14:03:39 2014-06-11 14:03:39 Msg: Detected parking at pos 8.
2014-06-11 14:03:40 2014-06-11 14:03:40 Msg:Detected leaving at pos 8.
2014-06-11 14:03:41 2014-06-11 14:03:41 Msg: Detected parking at pos 8.
2014-06-11 14:03:45 2014-06-11 14:03:45 Msg:Detected leaving at pos 8.
2014-06-11 14:03:46 2014-06-11 14:03:46 Msg: Detected parking at pos 8.
2014-06-11 14:04:03 2014-06-11 14:04:03 Msg:Detected leaving at pos 8.
2014-06-11 14:04:04 2014-06-11 14:04:04 Msg: Detected parking at pos 8.
2014-06-11 14:04:09 2014-06-11 14:04:09 Msg:Detected leaving at pos 8.
2014-06-11 14:04:10 2014-06-11 14:04:10 Msg: Detected parking at pos 8.
2014-06-11 14:04:11 2014-06-11 14:04:11 Msg:Detected leaving at pos 8.
2014-06-11 14:04:12 2014-06-11 14:04:12 Msg: Detected parking at pos 8.
2014-06-11 14:04:14 2014-06-11 14:04:14 Msg:Detected leaving at pos 8.
2014-06-11 14:04:16 2014-06-11 14:04:16 Msg: Detected parking at pos 8.
2014-06-11 14:04:17 2014-06-11 14:04:17 Msg:Detected leaving at pos 8.
2014-06-11 14:04:18 2014-06-11 14:04:18 Msg: Detected parking at pos 8.
2014-06-11 14:04:19 2014-06-11 14:04:19 Msg:Detected leaving at pos 8.
2014-06-11 14:04:28 2014-06-11 14:04:28 Msg: Detected parking at pos 8.
2014-06-11 14:04:29 2014-06-11 14:04:29 Msg:Detected leaving at pos 8.
2014-06-11 14:04:41 2014-06-11 14:04:41 Msg: Detected parking at pos 8.
2014-06-11 14:05:02 2014-06-11 14:05:02 Msg:Detected leaving at pos 8.
2014-06-11 14:05:03 2014-06-11 14:05:03 Msg: Detected parking at pos 8.
2014-06-11 14:05:04 2014-06-11 14:05:04 Msg:Detected leaving at pos 8.
2014-06-11 14:05:09 2014-06-11 14:05:09 Msg: Detected parking at pos 8.
2014-06-11 14:05:10 2014-06-11 14:05:10 Msg:Detected leaving at pos 8.
2014-06-11 14:05:29 2014-06-11 14:05:29 Msg: Detected parking at pos 8.
2014-06-11 14:05:31 2014-06-11 14:05:31 Msg:Detected leaving at pos 8.
2014-06-11 14:05:53 2014-06-11 14:05:53 Msg: Detected parking at pos 8.
2014-06-11 14:05:54 2014-06-11 14:05:54 Msg:Detected leaving at pos 8.
2014-06-11 14:05:55 2014-06-11 14:05:55 Msg: Detected parking at pos 8.
2014-06-11 14:05:57 2014-06-11 14:05:57 Msg:Detected leaving at pos 8.
2014-06-11 14:06:01 2014-06-11 14:06:01 Msg: Detected parking at pos 8.
2014-06-11 14:06:02 2014-06-11 14:06:02 Msg:Detected leaving at pos 8.
2014-06-11 14:06:04 2014-06-11 14:06:04 Msg: Detected parking at pos 8.
2014-06-11 14:06:07 2014-06-11 14:06:07 Msg:Detected leaving at pos 8.
2014-06-11 14:06:08 2014-06-11 14:06:08 Msg: Detected parking at pos 8.
2014-06-11 14:06:09 2014-06-11 14:06:09 Msg:Detected leaving at pos 8.
2014-06-11 14:06:14 2014-06-11 14:06:14 Msg: Detected parking at pos 8.
2014-06-11 14:06:21 2014-06-11 14:06:21 Msg:Detected leaving at pos 8.
2014-06-11 14:06:26 2014-06-11 14:06:26 Msg: Detected parking at pos 8.
2014-06-11 14:06:27 2014-06-11 14:06:27 Msg:Detected leaving at pos 8.
2014-06-11 14:06:30 2014-06-11 14:06:30 Msg: Detected parking at pos 8.
2014-06-11 14:06:33 2014-06-11 14:06:33 Msg:Detected leaving at pos 8.
2014-06-11 14:06:35 2014-06-11 14:06:35 Msg: Detected parking at pos 8.
2014-06-11 14:06:39 2014-06-11 14:06:39 Msg:Detected leaving at pos 8.
2014-06-11 14:06:40 2014-06-11 14:06:40 Msg: Detected parking at pos 8.
2014-06-11 14:06:46 2014-06-11 14:06:46 Msg:Detected leaving at pos 8.
2014-06-11 14:06:47 2014-06-11 14:06:47 Msg: Detected parking at pos 8.
2014-06-11 14:06:52 2014-06-11 14:06:52 Msg:Detected leaving at pos 8.
2014-06-11 14:06:53 2014-06-11 14:06:53 Msg: Detected parking at pos 8.
2014-06-11 14:06:54 2014-06-11 14:06:54 Msg:Detected leaving at pos 8.
2014-06-11 14:06:55 2014-06-11 14:06:55 Msg: Detected parking at pos 8.
2014-06-11 14:06:57 2014-06-11 14:06:57 Msg:Detected leaving at pos 8.
2014-06-11 14:06:58 2014-06-11 14:06:58 Msg: Detected parking at pos 8.
2014-06-11 14:06:59 2014-06-11 14:06:59 Msg:Detected leaving at pos 8.
2014-06-11 14:07:02 2014-06-11 14:07:02 Msg: Detected parking at pos 8.
2014-06-11 14:07:03 2014-06-11 14:07:03 Msg:Detected leaving at pos 8.
2014-06-11 14:07:04 2014-06-11 14:07:04 Msg: Detected parking at pos 8.
2014-06-11 14:07:06 2014-06-11 14:07:06 Msg:Detected leaving at pos 8.
2014-06-11 14:07:07 2014-06-11 14:07:07 Msg: Detected parking at pos 8.
2014-06-11 14:07:10 2014-06-11 14:07:10 Msg:Detected leaving at pos 8.
2014-06-11 14:07:16 2014-06-11 14:07:16 Msg: Detected parking at pos 8.
2014-06-11 14:07:17 2014-06-11 14:07:17 Msg:Detected leaving at pos 8.
2014-06-11 14:07:25 2014-06-11 14:07:25 Msg: Detected parking at pos 8.
2014-06-11 14:07:26 2014-06-11 14:07:26 Msg:Detected leaving at pos 8.
2014-06-11 14:07:27 2014-06-11 14:07:27 Msg: Detected parking at pos 8.
2014-06-11 14:07:29 2014-06-11 14:07:29 Msg:Detected leaving at pos 8.
2014-06-11 14:07:30 2014-06-11 14:07:30 Msg: Detected parking at pos 8.
2014-06-11 14:07:33 2014-06-11 14:07:33 Msg:Detected leaving at pos 8.
2014-06-11 14:07:35 2014-06-11 14:07:35 Msg: Detected parking at pos 8.
2014-06-11 14:07:38 2014-06-11 14:07:38 Msg:Detected leaving at pos 8.
2014-06-11 14:07:43 2014-06-11 14:07:43 Msg: Detected parking at pos 8.
2014-06-11 14:07:44 2014-06-11 14:07:44 Msg:Detected leaving at pos 8.
2014-06-11 14:07:50 2014-06-11 14:07:50 Msg: Detected parking at pos 8.
2014-06-11 14:07:52 2014-06-11 14:07:52 Msg:Detected leaving at pos 8.
2014-06-11 14:08:08 2014-06-11 14:08:08 Msg: Detected parking at pos 8.
2014-06-11 14:08:09 2014-06-11 14:08:09 Msg:Detected leaving at pos 8.
2014-06-11 14:08:12 2014-06-11 14:08:12 Msg: Detected parking at pos 8.
2014-06-11 14:08:17 2014-06-11 14:08:17 Msg:Detected leaving at pos 8.
2014-06-11 14:08:51 2014-06-11 14:08:51 Msg: Detected parking at pos 8.
2014-06-11 14:09:11 2014-06-11 14:09:11 Msg:Detected leaving at pos 8.
2014-06-11 14:09:23 2014-06-11 14:09:23 Msg: Detected parking at pos 8.
2014-06-11 14:09:24 2014-06-11 14:09:24 Msg:Detected leaving at pos 8.
2014-06-11 14:09:25 2014-06-11 14:09:25 Msg: Detected parking at pos 8.
2014-06-11 14:09:26 2014-06-11 14:09:26 Msg:Detected leaving at pos 8.
2014-06-11 14:10:32 2014-06-11 14:10:32 Msg: Detected parking at pos 8.
2014-06-11 14:10:33 2014-06-11 14:10:33 Msg:Detected leaving at pos 8.
2014-06-11 16:13:40 Server start ...
