test logmaker1
test logmaker2
test logmaker1
test logmaker2
2014-06-09 05:17:04 Server start ...
2014-06-09 05:18:01 New coming at A1,id is 10000,owner is root
Msg:cann't park. unvalid user.
2014-06-09 05:18:11 New coming at A1,id is 11,owner is root
2014-06-09 05:19:05 New coming at A1,id is 13,owner is root
2014-06-09 05:21:09 New coming at A1,id is 13,owner is root
Msg: cann't park. a previous parking records has found.
2014-06-09 05:21:15 New coming at A1,id is 14,owner is root
2014-06-09 05:23:26 2014-06-09 05:23:26 Server start ...
2014-06-09 05:25:44 Server start ...
2014-06-09 05:27:41 New coming at A1,id is 15,owner is root
2014-06-09 05:27:49 New coming at A1,id is 15,owner is root
2014-06-09 05:27:49 Msg: cann't park. a previous parking records has found.
2014-06-09 05:29:06 New coming at A1,id is 16,owner is root
2014-06-09 05:29:20 New coming at A1,id is 16,owner is root
2014-06-09 05:29:20 Msg: cann't park. a previous parking records has found.
2014-06-09 05:30:11 New coming at A1,id is 16,owner is root
2014-06-09 05:30:11 Msg: cann't park. a previous parking records has found.
2014-06-09 05:30:21 New coming at A1,id is 17,owner is root
2014-06-09 05:37:08 New coming at A1,id is 18,owner is root
2014-06-09 05:37:20 New coming at A1,id is 18,owner is root
2014-06-09 05:37:20 Msg: cann't park. a previous parking records has found.
2014-06-09 05:37:26 New coming at A1,id is 19,owner is root
2014-06-09 05:40:45 New coming at A1,id is 19,owner is root
2014-06-09 05:40:45 Msg: cann't park. a previous parking records has found.
2014-06-09 05:40:56 New coming at A1,id is 10,owner is root
2014-06-09 05:42:43 New coming at A1,id is 10,owner is root
2014-06-09 05:42:43 Msg: cann't park. a previous parking records has found.
2014-06-09 05:42:52 New coming at A1,id is 20,owner is root
2014-06-09 05:44:15 New coming at A1,id is 20,owner is root
2014-06-09 05:44:15 Msg: cann't park. a previous parking records has found.
2014-06-09 05:44:19 New coming at A1,id is 21,owner is root
2014-06-09 05:44:19 Msg:cann't park. unvalid user.
2014-06-09 05:45:22 New coming at A1,id is 1,owner is root
2014-06-09 05:48:15 New coming at A1,id is 2,owner is root
2014-06-09 05:49:05 New coming at A1,id is 3,owner is root
2014-06-09 06:12:14 Server start ...
2014-06-09 06:13:13 New coming at A1,id is 16,owner is root
2014-06-09 06:15:35 New coming at A2,id is 1,owner is root
2014-06-09 06:15:51 New coming at A1,id is 17,owner is root
2014-06-09 06:16:21 New coming at A1,id is 1,owner is root
2014-06-09 06:16:21 Msg: cann't park. a previous parking records has found.
2014-06-09 06:16:43 New coming at A1,id is 11,owner is root
2014-06-09 07:04:55 New coming at A1,id is 13,owner is root
2014-06-09 07:08:06 New coming at A1,id is 14,owner is root
2014-06-09 07:10:29 New coming at A1,id is 15,owner is root
2014-06-09 07:11:48 New coming at A1,id is 1,owner is root
2014-06-09 07:15:13 New coming at A1,id is 2,owner is root
2014-06-09 07:17:07 New coming at A1,id is 3,owner is root
2014-06-09 07:18:47 Server start ...
2014-06-09 07:19:03 New coming at A1,id is 3,owner is root
2014-06-09 07:19:03 Msg: cann't park. a previous parking records has found.
2014-06-09 07:19:42 New coming at A1,id is 4,owner is root
2014-06-09 07:20:43 New coming at A1,id is 5,owner is root
2014-06-09 07:21:50 New coming at A1,id is 6,owner is root
2014-06-09 07:22:23 New coming at A1,id is 7,owner is root
2014-06-09 07:23:43 New coming at A1,id is 8,owner is root
2014-06-09 07:25:53 New coming at A1,id is 9,owner is root
2014-06-09 07:31:36 Server start ...
2014-06-09 07:32:00 New coming at A1,id is 10,owner is root
2014-06-09 07:32:31 Server start ...
2014-06-09 07:32:36 New coming at A1,id is 11,owner is root
2014-06-09 07:32:51 Server start ...
2014-06-09 07:32:59 New coming at A1,id is 11,owner is root
2014-06-09 07:32:59 Msg: cann't park. parking lots is full.
2014-06-09 07:33:07 New coming at A1,id is 11,owner is root
2014-06-09 07:33:07 Msg: cann't park. parking lots is full.
2014-06-09 07:33:15 New coming at A1,id is 11,owner is root
2014-06-09 07:33:15 Msg: cann't park. parking lots is full.
2014-06-09 07:34:13 New coming at A1,id is 21,owner is root
2014-06-09 07:34:13 Msg: cann't park. parking lots is full.
2014-06-09 07:35:35 New coming at A1,id is 11,owner is root
2014-06-09 07:35:35 Msg: cann't park. parking lots is full.
2014-06-09 07:37:05 New coming at A1,id is 11,owner is root
2014-06-09 07:37:05 Msg: cann't park. parking lots is full.
2014-06-09 07:37:47 New coming at A1,id is 11,owner is root
2014-06-09 07:37:47 Msg: cann't park. parking lots is full.
2014-06-09 07:38:52 Server start ...
2014-06-09 07:40:08 New coming at A1,id is 11,owner is root
2014-06-09 07:40:08 Msg: cann't park. a previous parking records has found.
2014-06-09 07:40:15 New coming at A1,id is 21,owner is root
2014-06-09 07:40:15 Msg:cann't park. unvalid user.
2014-06-09 08:13:38 Server start ...
2014-06-09 08:28:55 Server start ...
2014-06-09 08:55:26 Server start ...
2014-06-09 09:58:52 Server start ...
2014-06-09 10:01:18 Server start ...
2014-06-09 10:43:58 New coming at A2,id is 2,owner is root
2014-06-09 10:43:58 Msg: cann't park. a previous parking records has found.
2014-06-09 10:44:02 New coming at A2,id is 13,owner is root
2014-06-09 10:45:10 New coming at A2,id is 14,owner is root
2014-06-09 10:56:32 Server start ...
2014-06-09 10:57:05 New coming at A2,id is 14,owner is root
2014-06-09 10:57:05 Msg: cann't park. a previous parking records has found.
2014-06-09 10:57:28 New coming at A2,id is 15,owner is root
2014-06-09 10:58:08 New coming at A2,id is 15,owner is root
2014-06-09 10:58:08 Msg: cann't park. a previous parking records has found.
2014-06-09 10:58:10 New coming at A2,id is 15,owner is root
2014-06-09 10:58:10 Msg: cann't park. a previous parking records has found.
2014-06-09 10:58:11 New coming at A2,id is 15,owner is root
2014-06-09 10:58:11 Msg: cann't park. a previous parking records has found.
2014-06-09 10:58:12 New coming at A2,id is 15,owner is root
2014-06-09 10:58:12 Msg: cann't park. a previous parking records has found.
2014-06-09 10:58:13 New coming at A2,id is 15,owner is root
2014-06-09 10:58:13 Msg: cann't park. a previous parking records has found.
2014-06-09 10:58:13 New coming at A2,id is 15,owner is root
2014-06-09 10:58:13 Msg: cann't park. a previous parking records has found.
2014-06-09 10:58:33 New coming at A1,id is 13,owner is root
2014-06-09 10:58:33 Msg: cann't park. a previous parking records has found.
2014-06-09 14:14:50 New coming at A1,id is 9,owner is 10
2014-06-09 14:14:50 Msg: cann't park. a previous parking records has found.
2014-06-09 14:34:27 New coming at A1,id is 10,owner is root
2014-06-09 14:34:27 Msg: cann't park. a previous parking records has found.
2014-06-09 14:34:35 New coming at A1,id is 20,owner is root
2014-06-09 14:34:52 New coming at A1,id is 18,owner is root
2014-06-09 14:35:32 New coming at A1,id is 18,owner is root
2014-06-09 14:35:32 Msg: cann't park. a previous parking records has found.
2014-06-09 14:35:35 New coming at A1,id is 18,owner is root
2014-06-09 14:35:35 Msg: cann't park. a previous parking records has found.
2014-06-09 14:48:02 New coming at A1,id is 15,owner is root
2014-06-09 14:48:02 Msg: cann't park. a previous parking records has found.
2014-06-09 14:48:12 New coming at A1,id is 16,owner is root
2014-06-09 14:48:31 New coming at A1,id is 17,owner is root
2014-06-09 14:49:02 New coming at A1,id is 1,owner is root
2014-06-09 14:49:02 Msg: cann't park. a previous parking records has found.
2014-06-09 14:49:08 New coming at A1,id is 2,owner is root
2014-06-09 14:49:08 Msg: cann't park. a previous parking records has found.
2014-06-09 14:49:16 New coming at A1,id is 9,owner is root
2014-06-09 14:49:16 Msg: cann't park. a previous parking records has found.
2014-06-09 14:49:23 New coming at A1,id is 17,owner is root
2014-06-09 14:49:23 Msg: cann't park. a previous parking records has found.
2014-06-09 14:49:32 New coming at A1,id is 18,owner is root
2014-06-09 14:49:32 Msg: cann't park. a previous parking records has found.
2014-06-09 14:49:41 New coming at A1,id is 19,owner is root
2014-06-09 15:39:05 New coming at A1,id is 18,owner is root
2014-06-09 15:39:05 Msg: cann't park. a previous parking records has found.
2014-06-09 15:39:10 New coming at A1,id is 19,owner is root
2014-06-09 15:39:10 Msg: cann't park. a previous parking records has found.
2014-06-09 15:39:22 New coming at A1,id is 20,owner is root
2014-06-09 15:39:22 Msg: cann't park. a previous parking records has found.
2014-06-09 15:39:30 New coming at A1,id is 21,owner is root
2014-06-09 15:39:30 Msg: cann't park. unvalid user.
2014-06-09 15:39:41 New coming at A1,id is 22,owner is root
2014-06-09 15:39:41 Msg: cann't park. unvalid user.
2014-06-09 15:39:47 New coming at A1,id is 10,owner is root
2014-06-09 15:39:47 Msg: cann't park. a previous parking records has found.
