2014-12-24 09:35:56 Server start ...
2014-12-24 10:53:05 Server start ...
2014-12-24 11:01:02 Server start ...
2014-12-24 11:01:42 2014-12-24 11:01:42 Msg: Detected leaving at pos 0.
2014-12-24 11:01:44 2014-12-24 11:01:44 Msg: Detected leaving at pos 0.
2014-12-24 11:03:29 2014-12-24 11:03:29 Msg: Detected leaving at pos 0.
2014-12-24 11:03:48 2014-12-24 11:03:48 Msg: Detected leaving at pos 0.
2014-12-24 11:05:01 2014-12-24 11:05:01 Msg: Detected leaving at pos 0.
2014-12-24 11:54:32 Server start ...
2014-12-24 11:54:44 2014-12-24 11:54:44 Msg: Detected leaving at pos 0.
2014-12-24 11:58:00 Server start ...
2014-12-24 11:58:05 2014-12-24 11:58:05 Msg: Detected leaving at pos 0.
2014-12-24 12:07:27 New coming at I2,id is ä0=©,owner is 
2014-12-24 12:07:27 Msg: cann't park. unvalid user.
2014-12-24 12:15:13 Server start ...
2014-12-24 12:15:22 New coming at I2,id is DÒìq,owner is RFID
2014-12-24 12:15:22 Msg: cann't park. unvalid user.
2014-12-24 12:15:39 New coming at I2,id is âÁ9,owner is RFID
2014-12-24 12:15:39 Msg: cann't park. unvalid user.
2014-12-24 12:18:39 New coming at I2,id is âÁ9,owner is RFID
2014-12-24 12:18:39 Msg: cann't park. unvalid user.
2014-12-24 12:26:06 New coming at I2,id is 1ec30,owner is RFID
2014-12-24 12:26:06 Msg: cann't park. unvalid user.
2014-12-24 12:28:39 New coming at I2,id is feca0,owner is RFID
2014-12-24 12:28:39 Msg: cann't park. unvalid user.
2014-12-24 12:28:46 New coming at I2,id is 1ec30,owner is RFID
2014-12-24 12:28:46 Msg: cann't park. unvalid user.
2014-12-24 12:28:52 New coming at I2,id is a3aa0,owner is RFID
2014-12-24 12:28:52 Msg: cann't park. unvalid user.
2014-12-24 12:28:56 New coming at I2,id is edaf0,owner is RFID
2014-12-24 12:28:56 Msg: cann't park. unvalid user.
2014-12-24 12:28:59 New coming at I2,id is fecf0,owner is RFID
2014-12-24 12:28:59 Msg: cann't park. unvalid user.
2014-12-24 12:29:03 New coming at I2,id is b2350,owner is RFID
2014-12-24 12:29:03 Msg: cann't park. unvalid user.
2014-12-24 12:29:06 New coming at I2,id is 733b0,owner is RFID
2014-12-24 12:29:06 Msg: cann't park. unvalid user.
2014-12-24 12:29:09 New coming at I2,id is e23a0,owner is RFID
2014-12-24 12:29:09 Msg: cann't park. unvalid user.
2014-12-24 12:29:11 New coming at I2,id is d23c0,owner is RFID
2014-12-24 12:29:11 Msg: cann't park. unvalid user.
2014-12-24 12:29:14 New coming at I2,id is 4de70,owner is RFID
2014-12-24 12:29:14 Msg: cann't park. unvalid user.
2014-12-24 12:30:19 New coming at I2,id is edaf0,owner is RFID
2014-12-24 12:30:19 Msg: cann't park. unvalid user.
2014-12-24 12:33:31 New coming at I2,id is µ'=Q,owner is RFID
2014-12-24 12:33:36 New coming at I2,id is ï/=¯,owner is RFID
2014-12-24 12:33:36 Msg: cann't park. unvalid user.
2014-12-24 12:33:47 New coming at I2,id is ï/=¯,owner is RFID
2014-12-24 12:33:47 Msg: cann't park. unvalid user.
2014-12-24 12:33:51 New coming at I2,id is q2=º,owner is RFID
2014-12-24 12:33:51 Msg: cann't park. unvalid user.
2014-12-24 12:33:55 New coming at I2,id is ®;«§,owner is RFID
2014-12-24 12:33:55 Msg: cann't park. unvalid user.
2014-12-24 12:34:01 New coming at I2,id is íÕª,owner is RFID
2014-12-24 12:34:01 Msg: cann't park. unvalid user.
2014-12-24 12:34:01 New coming at I2,id is ùáÁð,owner is RFID
2014-12-24 12:34:01 Msg: cann't park. unvalid user.
2014-12-24 12:34:01 New coming at I2,id is íÕª,owner is RFID
2014-12-24 12:34:01 Msg: cann't park. unvalid user.
2014-12-24 12:34:06 New coming at I2,id is âÁ9,owner is RFID
2014-12-24 12:34:06 Msg: cann't park. unvalid user.
2014-12-24 12:34:10 New coming at I2,id is õíÁ¨,owner is RFID
2014-12-24 12:34:10 Msg: cann't park. unvalid user.
2014-12-24 12:34:27 New coming at I2,id is âÁ9,owner is RFID
2014-12-24 12:34:27 Msg: cann't park. unvalid user.
2014-12-24 12:34:31 New coming at I2,id is ùáÁð,owner is RFID
2014-12-24 12:34:31 Msg: cann't park. unvalid user.
2014-12-24 12:34:40 New coming at I2,id is µ'=Q,owner is RFID
2014-12-24 12:34:43 New coming at I2,id is DÒìq,owner is RFID
2014-12-24 12:34:43 Msg: cann't park. unvalid user.
2014-12-24 12:34:45 New coming at I2,id is q2=º,owner is RFID
2014-12-24 12:34:45 Msg: cann't park. unvalid user.
2014-12-24 12:34:49 New coming at I2,id is Ù.=Æ,owner is RFID
2014-12-24 12:34:49 Msg: cann't park. unvalid user.
2014-12-24 12:35:04 New coming at I2,id is ä0=©,owner is RFID
2014-12-24 12:35:04 Msg: cann't park. unvalid user.
2014-12-24 12:36:42 New coming at I2,id is ùáÁð,owner is RFID
2014-12-24 12:36:42 Msg: cann't park. unvalid user.
2014-12-24 12:36:44 New coming at I2,id is íÕª,owner is RFID
2014-12-24 12:36:44 Msg: cann't park. unvalid user.
2014-12-24 12:36:48 New coming at I2,id is ä0=©,owner is RFID
2014-12-24 12:36:48 Msg: cann't park. unvalid user.
2014-12-24 12:36:52 New coming at I2,id is Ù.=Æ,owner is RFID
2014-12-24 12:36:52 Msg: cann't park. unvalid user.
2014-12-24 12:36:54 New coming at I2,id is µ'=Q,owner is RFID
2014-12-24 12:36:58 New coming at I2,id is ®;«§,owner is RFID
2014-12-24 12:36:58 Msg: cann't park. unvalid user.
2014-12-24 12:37:00 New coming at I2,id is õíÁ¨,owner is RFID
2014-12-24 12:37:00 Msg: cann't park. unvalid user.
2014-12-24 12:37:02 New coming at I2,id is âÁ9,owner is RFID
2014-12-24 12:37:02 Msg: cann't park. unvalid user.
2014-12-24 12:37:04 New coming at I2,id is DÒìq,owner is RFID
2014-12-24 12:37:04 Msg: cann't park. unvalid user.
2014-12-24 12:38:04 New coming at I2,id is ®;«§,owner is RFID
2014-12-24 12:38:04 Msg: cann't park. unvalid user.
2014-12-24 12:38:13 New coming at I2,id is µ'=Q,owner is RFID
2014-12-24 12:38:19 New coming at I2,id is q2=º,owner is RFID
2014-12-24 12:38:19 Msg: cann't park. unvalid user.
2014-12-24 12:38:21 New coming at I2,id is íÕª,owner is RFID
2014-12-24 12:38:21 Msg: cann't park. unvalid user.
2014-12-24 12:39:27 New coming at I2,id is íÕª,owner is RFID
2014-12-24 12:39:27 Msg: cann't park. unvalid user.
2014-12-24 12:39:30 New coming at I2,id is ùáÁð,owner is RFID
2014-12-24 12:39:30 Msg: cann't park. unvalid user.
2014-12-24 12:39:34 New coming at I2,id is ®;«§,owner is RFID
2014-12-24 12:39:34 Msg: cann't park. unvalid user.
2014-12-24 12:39:39 New coming at I2,id is Ù.=Æ,owner is RFID
2014-12-24 12:39:39 Msg: cann't park. unvalid user.
2014-12-24 12:39:50 New coming at I2,id is õíÁ¨,owner is RFID
2014-12-24 12:39:50 Msg: cann't park. unvalid user.
2014-12-24 12:40:26 Server start ...
2014-12-24 12:45:37 Server start ...
2014-12-24 12:45:42 New coming at I2,id is a3aa0,owner is RFID
2014-12-24 12:45:42 Msg: cann't park. unvalid user.
2014-12-24 12:46:15 New coming at I2,id is a3aa0,owner is RFID
2014-12-24 12:46:15 Msg: cann't park. unvalid user.
2014-12-24 12:46:17 New coming at I2,id is edaf0,owner is RFID
2014-12-24 12:46:17 Msg: cann't park. unvalid user.
2014-12-24 12:47:15 New coming at I2,id is 1ec30,owner is RFID
2014-12-24 12:47:15 Msg: cann't park. unvalid user.
2014-12-24 12:47:24 New coming at I2,id is d23c0,owner is RFID
2014-12-24 12:47:24 Msg: cann't park. unvalid user.
2014-12-24 12:47:32 New coming at I2,id is fecf0,owner is RFID
2014-12-24 12:47:32 Msg: cann't park. unvalid user.
2014-12-24 12:48:03 New coming at I2,id is feca0,owner is RFID
2014-12-24 12:48:03 Msg: cann't park. unvalid user.
2014-12-24 12:48:11 New coming at I2,id is 4de70,owner is RFID
2014-12-24 12:48:11 Msg: cann't park. unvalid user.
2014-12-24 12:49:28 New coming at I2,id is 733b0,owner is RFID
2014-12-24 12:49:28 Msg: cann't park. unvalid user.
2014-12-24 12:49:35 New coming at I2,id is b2350,owner is RFID
2014-12-24 12:49:35 Msg: cann't park. unvalid user.
2014-12-24 12:49:44 New coming at I2,id is e33a0,owner is RFID
2014-12-24 12:49:44 Msg: cann't park. unvalid user.
2014-12-24 12:50:54 Server start ...
2014-12-24 12:51:00 New coming at I2,id is b2350,owner is RFID
2014-12-24 12:51:10 New coming at I2,id is e33a0,owner is RFID
2014-12-24 12:51:33 New coming at I2,id is e33a0,owner is RFID
2014-12-24 12:51:33 Msg: cann't park. a previous parking records has found.
2014-12-24 12:51:42 New coming at I2,id is 733b0,owner is RFID
2014-12-24 12:52:44 New coming at I1,id is feca0,owner is RFID
2014-12-24 12:54:27 Leaving at O2,id is 733b0,owner is RFID
2014-12-24 12:54:27 Msg: Car leaving.
2014-12-24 12:54:33 Leaving at O2,id is e33a0,owner is RFID
2014-12-24 12:54:34 Msg: Car leaving.
2014-12-24 12:54:39 Leaving at O2,id is e33a0,owner is RFID
2014-12-24 12:54:39 Warning:No parking records
2014-12-24 12:54:43 Leaving at O2,id is feca0,owner is RFID
2014-12-24 12:54:43 Msg: Car leaving.
2014-12-24 12:54:48 Leaving at O2,id is fecf0,owner is RFID
2014-12-24 12:54:48 Warning:No parking records
2014-12-24 12:57:00 Server start ...
2014-12-24 13:02:01 New coming at I1,id is 1ec30,owner is RFID
2014-12-24 13:13:50 New coming at I1,id is 1ec30,owner is RFID
2014-12-24 13:13:50 Msg: cann't park. a previous parking records has found.
2014-12-24 13:14:01 New coming at I1,id is a3aa0,owner is RFID
2014-12-24 13:14:18 New coming at I1,id is edaf0,owner is RFID
2014-12-24 13:14:42 New coming at I1,id is d23c0,owner is RFID
2014-12-24 13:16:09 New coming at I1,id is feca0,owner is RFID
2014-12-24 13:17:29 New coming at I1,id is a3aa0,owner is RFID
2014-12-24 13:17:29 Msg: cann't park. a previous parking records has found.
2014-12-24 13:17:29 New coming at I1,id is a3aa0,owner is RFID
2014-12-24 13:17:29 Msg: cann't park. a previous parking records has found.
2014-12-24 13:17:36 New coming at I1,id is d23c0,owner is RFID
2014-12-24 13:17:36 Msg: cann't park. a previous parking records has found.
2014-12-24 13:17:36 New coming at I1,id is d23c0,owner is RFID
2014-12-24 13:17:36 Msg: cann't park. a previous parking records has found.
2014-12-24 13:17:46 New coming at I1,id is 1ec30,owner is RFID
2014-12-24 13:17:46 Msg: cann't park. a previous parking records has found.
2014-12-24 13:17:46 New coming at I1,id is 1ec30,owner is RFID
2014-12-24 13:17:46 Msg: cann't park. a previous parking records has found.
2014-12-24 13:17:51 New coming at I1,id is b2350,owner is RFID
2014-12-24 13:17:51 Msg: cann't park. a previous parking records has found.
2014-12-24 13:17:51 New coming at I1,id is b2350,owner is RFID
2014-12-24 13:17:51 Msg: cann't park. a previous parking records has found.
2014-12-24 13:17:58 New coming at I1,id is e33a0,owner is RFID
2014-12-24 13:17:58 New coming at I1,id is e33a0,owner is RFID
2014-12-24 13:17:58 Msg: cann't park. a previous parking records has found.
2014-12-24 13:20:42 New coming at I1,id is feca0,owner is RFID
2014-12-24 13:20:42 Msg: cann't park. a previous parking records has found.
2014-12-24 13:21:45 New coming at I1,id is 4de70,owner is RFID
2014-12-24 13:22:10 New coming at I1,id is 4de70,owner is RFID
2014-12-24 13:22:10 Msg: cann't park. a previous parking records has found.
2014-12-24 13:22:22 New coming at I1,id is d23c0,owner is RFID
2014-12-24 13:22:22 Msg: cann't park. a previous parking records has found.
2014-12-24 13:22:26 New coming at I1,id is a3aa0,owner is RFID
2014-12-24 13:22:26 Msg: cann't park. a previous parking records has found.
2014-12-24 13:22:28 New coming at I1,id is feca0,owner is RFID
2014-12-24 13:22:28 Msg: cann't park. a previous parking records has found.
2014-12-24 13:22:38 New coming at I1,id is fecf0,owner is RFID
2014-12-24 13:29:10 New coming at I1,id is fecf0,owner is RFID
2014-12-24 13:29:10 Msg: cann't park. a previous parking records has found.
2014-12-24 13:29:23 New coming at I1,id is e33a0,owner is RFID
2014-12-24 13:29:23 Msg: cann't park. a previous parking records has found.
2014-12-24 13:29:27 New coming at I1,id is 733b0,owner is RFID
2014-12-24 13:29:36 New coming at I1,id is b2350,owner is RFID
2014-12-24 13:29:36 Msg: cann't park. a previous parking records has found.
2014-12-24 13:29:44 New coming at I1,id is 1ec30,owner is RFID
2014-12-24 13:29:44 Msg: cann't park. a previous parking records has found.
2014-12-24 13:29:56 New coming at I1,id is e23a0,owner is RFID
2014-12-24 13:29:56 Msg: cann't park. unvalid user.
2014-12-24 13:30:08 New coming at I1,id is 1ec30,owner is RFID
2014-12-24 13:30:08 Msg: cann't park. a previous parking records has found.
2014-12-24 13:30:20 New coming at I1,id is edaf0,owner is RFID
2014-12-24 13:30:20 Msg: cann't park. a previous parking records has found.
2014-12-24 13:31:00 Leaving at O2,id is edaf0,owner is RFID
2014-12-24 13:31:00 Msg: Car leaving.
2014-12-24 13:31:12 Leaving at O2,id is 1ec30,owner is RFID
2014-12-24 13:31:12 Msg: Car leaving.
2014-12-24 13:31:44 Leaving at O2,id is edaf0,owner is RFID
2014-12-24 13:31:44 Warning:No parking records
2014-12-24 13:31:48 Leaving at O2,id is edaf0,owner is RFID
2014-12-24 13:31:48 Warning:No parking records
2014-12-24 13:31:51 Leaving at O2,id is 1ec30,owner is RFID
2014-12-24 13:31:51 Warning:No parking records
2014-12-24 13:31:54 Leaving at O2,id is 1ec30,owner is RFID
2014-12-24 13:31:54 Warning:No parking records
2014-12-24 13:31:57 Leaving at O2,id is 733b0,owner is RFID
2014-12-24 13:31:57 Msg: Car leaving.
2014-12-24 13:32:06 Leaving at O2,id is e33a0,owner is RFID
2014-12-24 13:32:07 Msg: Car leaving.
2014-12-24 13:32:10 Leaving at O2,id is b2350,owner is RFID
2014-12-24 13:32:10 Msg: Car leaving.
2014-12-24 13:32:12 Leaving at O2,id is fecf0,owner is RFID
2014-12-24 13:32:12 Msg: Car leaving.
2014-12-24 13:32:17 Leaving at O2,id is feca0,owner is RFID
2014-12-24 13:32:17 Msg: Car leaving.
2014-12-24 13:32:21 Leaving at O2,id is a3aa0,owner is RFID
2014-12-24 13:32:21 Msg: Car leaving.
2014-12-24 13:32:24 Leaving at O2,id is 4de70,owner is RFID
2014-12-24 13:32:24 Msg: Car leaving.
2014-12-24 13:32:27 Leaving at O2,id is d23c0,owner is RFID
2014-12-24 13:32:27 Msg: Car leaving.
2014-12-24 13:33:33 New coming at I1,id is 4de70,owner is RFID
2014-12-24 13:33:46 New coming at I1,id is a3aa0,owner is RFID
2014-12-24 13:35:27 New coming at I1,id is a3aa0,owner is RFID
2014-12-24 13:35:27 Msg: cann't park. a previous parking records has found.
